#
# A fatal error has been detected by the Java Runtime Environment:
#
#  EXCEPTION_ACCESS_VIOLATION (0xc0000005) at pc=0x00000000548c5c30, pid=10216, tid=0x000000000000297c
#
# JRE version: Java(TM) SE Runtime Environment (8.0_101-b13) (build 1.8.0_101-b13)
# Java VM: Java HotSpot(TM) 64-Bit Server VM (25.101-b13 mixed mode windows-amd64 compressed oops)
# Problematic frame:
# V  [jvm.dll+0x1e5c30]
#
# Failed to write core dump. Minidumps are not enabled by default on client versions of Windows
#
# If you would like to submit a bug report, please visit:
#   http://bugreport.java.com/bugreport/crash.jsp
#

---------------  T H R E A D  ---------------

Current thread (0x000000001d568000):  JavaThread "Thread-0" [_thread_in_vm, id=10620, stack(0x000000001dfc0000,0x000000001e0c0000)]

siginfo: ExceptionCode=0xc0000005, reading address 0x00000000000003b1

Registers:
RAX=0x0000000000000001, RBX=0x000000000248c1c0, RCX=0x000000076dbed428, RDX=0x000000000248c1c0
RSP=0x000000001e0bed80, RBP=0x000000076dbed428, RSI=0x0000000000000000, RDI=0x000000001d568000
R8 =0x0000000000000000, R9 =0x000000001d551cc0, R10=0x0000000002ad7f28, R11=0x000000005490b4a0
R12=0x0000000000000000, R13=0x000000001b51fe30, R14=0x000000001e0bee50, R15=0x000000001d568000
RIP=0x00000000548c5c30, EFLAGS=0x0000000000010202

Top of Stack: (sp=0x000000001e0bed80)
0x000000001e0bed80:   000000000248c1c0 000000001d568000
0x000000001e0bed90:   000000001b51fe30 0000000000000002
0x000000001e0beda0:   0000000002ac835d 0000000002ad7f54
0x000000001e0bedb0:   000000001b51fe30 000000001e0bee28
0x000000001e0bedc0:   0000000000000002 000000001b51fe30
0x000000001e0bedd0:   0000000000000002 000000001d568000
0x000000001e0bede0:   0000000002ad7c82 000000001e0bede8
0x000000001e0bedf0:   000000001b51fe30 000000001e0bee50
0x000000001e0bee00:   000000001b54b058 0000000000000000
0x000000001e0bee10:   000000001b51fe30 0000000000000000
0x000000001e0bee20:   000000001e0bee48 000000001e0bee98
0x000000001e0bee30:   0000000002ac835d 0000000000000000
0x000000001e0bee40:   0000000002ad19d8 000000076dbed428
0x000000001e0bee50:   000000076db889b8 000000001e0bee58
0x000000001e0bee60:   000000001b8a0f15 000000001e0beeb0
0x000000001e0bee70:   000000001b8a1230 0000000000000000 

Instructions: (pc=0x00000000548c5c30)
0x00000000548c5c10:   62 00 48 8b cb e8 46 17 03 00 48 8b 6d 00 48 85
0x00000000548c5c20:   ed 74 24 48 8b cd e8 45 2a e8 ff 48 85 c0 74 17
0x00000000548c5c30:   48 8b b0 b0 03 00 00 48 85 f6 74 0b 48 8b d6 48
0x00000000548c5c40:   8b cd e8 69 2b e8 ff 48 8b cb e8 31 18 03 00 48 


Register to memory mapping:

RAX=0x0000000000000001 is an unknown value
RBX=0x000000000248c1c0 is an unknown value
RCX=0x000000076dbed428 is an oop
java.lang.Object 
 - klass: 'java/lang/Object'
RDX=0x000000000248c1c0 is an unknown value
RSP=0x000000001e0bed80 is pointing into the stack for thread: 0x000000001d568000
RBP=0x000000076dbed428 is an oop
java.lang.Object 
 - klass: 'java/lang/Object'
RSI=0x0000000000000000 is an unknown value
RDI=0x000000001d568000 is a thread
R8 =0x0000000000000000 is an unknown value
R9 =0x000000001d551cc0 is an unknown value
R10=0x0000000002ad7f28 is at code_begin+840 in an Interpreter codelet
method entry point (kind = native)  [0x0000000002ad7be0, 0x0000000002ad8540]  2400 bytes
R11=0x000000005490b4a0 is an unknown value
R12=0x0000000000000000 is an unknown value
R13={method} {0x000000001b51fe38} 'unpark' '(Ljava/lang/Object;)V' in 'sun/misc/Unsafe'
R14=0x000000001e0bee50 is pointing into the stack for thread: 0x000000001d568000
R15=0x000000001d568000 is a thread


Stack: [0x000000001dfc0000,0x000000001e0c0000],  sp=0x000000001e0bed80,  free space=1019k
Native frames: (J=compiled Java code, j=interpreted, Vv=VM code, C=native code)
V  [jvm.dll+0x1e5c30]
C  0x0000000002ad7f54

Java frames: (J=compiled Java code, j=interpreted, Vv=VM code)
j  sun.misc.Unsafe.unpark(Ljava/lang/Object;)V+0
j  com.producer.consumer.unsafe.api.Shared.produce()I+77
j  com.producer.consumer.unsafe.api.Producer.run()V+4
j  java.lang.Thread.run()V+11
v  ~StubRoutines::call_stub

---------------  P R O C E S S  ---------------

Java Threads: ( => current thread )
  0x000000000248e800 JavaThread "DestroyJavaVM" [_thread_blocked, id=10568, stack(0x00000000026f0000,0x00000000027f0000)]
  0x000000001d569000 JavaThread "Thread-1" [_thread_blocked, id=10640, stack(0x000000001e270000,0x000000001e370000)]
=>0x000000001d568000 JavaThread "Thread-0" [_thread_in_vm, id=10620, stack(0x000000001dfc0000,0x000000001e0c0000)]
  0x000000001d551000 JavaThread "Service Thread" daemon [_thread_blocked, id=5232, stack(0x000000001dd60000,0x000000001de60000)]
  0x000000001d4c5000 JavaThread "C1 CompilerThread2" daemon [_thread_blocked, id=6492, stack(0x000000001da00000,0x000000001db00000)]
  0x000000001d4c4000 JavaThread "C2 CompilerThread1" daemon [_thread_blocked, id=7680, stack(0x000000001db30000,0x000000001dc30000)]
  0x000000001be9c800 JavaThread "C2 CompilerThread0" daemon [_thread_blocked, id=10436, stack(0x000000001d8c0000,0x000000001d9c0000)]
  0x000000001be94800 JavaThread "Attach Listener" daemon [_thread_blocked, id=10968, stack(0x000000001d3c0000,0x000000001d4c0000)]
  0x000000001be93000 JavaThread "Signal Dispatcher" daemon [_thread_blocked, id=11244, stack(0x000000001d200000,0x000000001d300000)]
  0x000000001be7b000 JavaThread "Finalizer" daemon [_thread_blocked, id=9104, stack(0x000000001d0e0000,0x000000001d1e0000)]
  0x000000001be32000 JavaThread "Reference Handler" daemon [_thread_blocked, id=8392, stack(0x000000001cfd0000,0x000000001d0d0000)]

Other Threads:
  0x000000001be2a800 VMThread [stack: 0x000000001ce00000,0x000000001cf00000] [id=11072]
  0x000000001d557000 WatcherThread [stack: 0x000000001de90000,0x000000001df90000] [id=9256]

VM state:not at safepoint (normal execution)

VM Mutex/Monitor currently owned by a thread:  ([mutex/lock_event])
[0x000000000248c1c0] Threads_lock - owner thread: 0x000000001d568000

Heap:
 PSYoungGen      total 74240K, used 6400K [0x000000076db80000, 0x0000000772e00000, 0x00000007c0000000)
  eden space 64000K, 10% used [0x000000076db80000,0x000000076e1c01d0,0x0000000771a00000)
  from space 10240K, 0% used [0x0000000772400000,0x0000000772400000,0x0000000772e00000)
  to   space 10240K, 0% used [0x0000000771a00000,0x0000000771a00000,0x0000000772400000)
 ParOldGen       total 169472K, used 0K [0x00000006c9200000, 0x00000006d3780000, 0x000000076db80000)
  object space 169472K, 0% used [0x00000006c9200000,0x00000006c9200000,0x00000006d3780000)
 Metaspace       used 2626K, capacity 4492K, committed 4864K, reserved 1056768K
  class space    used 288K, capacity 388K, committed 512K, reserved 1048576K

Card table byte_map: [0x0000000011e80000,0x0000000012640000] byte_map_base: 0x000000000e837000

Marking Bits: (ParMarkBitMap*) 0x0000000054efa6d0
 Begin Bits: [0x0000000013170000, 0x0000000016f28000)
 End Bits:   [0x0000000016f28000, 0x000000001ace0000)

Polling page: 0x0000000000140000

CodeCache: size=245760Kb used=1102Kb max_used=1106Kb free=244657Kb
 bounds [0x0000000002ac0000, 0x0000000002d30000, 0x0000000011ac0000]
 total_blobs=259 nmethods=28 adapters=145
 compilation: enabled

Compilation events (10 events):
Event: 0.095 Thread 0x000000001d4c5000   24       3       java.lang.System::getSecurityManager (4 bytes)
Event: 0.095 Thread 0x000000001d4c5000 nmethod 24 0x0000000002bd38d0 code [0x0000000002bd3a20, 0x0000000002bd3b70]
Event: 0.095 Thread 0x000000001d4c5000   25       3       java.lang.String::startsWith (72 bytes)
Event: 0.095 Thread 0x000000001d4c5000 nmethod 25 0x0000000002bd3250 code [0x0000000002bd33c0, 0x0000000002bd36f0]
Event: 0.098 Thread 0x000000001d4c5000   26       1       java.nio.Buffer::position (5 bytes)
Event: 0.098 Thread 0x000000001d4c5000 nmethod 26 0x0000000002bd2f90 code [0x0000000002bd30e0, 0x0000000002bd31f0]
Event: 1.096 Thread 0x000000001d4c5000   27       3       sun.nio.cs.SingleByte$Encoder::encode (32 bytes)
Event: 1.096 Thread 0x000000001d4c5000 nmethod 27 0x0000000002bd2ad0 code [0x0000000002bd2c40, 0x0000000002bd2e50]
Event: 2.096 Thread 0x000000001d4c5000   28       1       java.nio.Buffer::limit (5 bytes)
Event: 2.096 Thread 0x000000001d4c5000 nmethod 28 0x0000000002bd2810 code [0x0000000002bd2960, 0x0000000002bd2a70]

GC Heap History (0 events):
No events

Deoptimization events (0 events):
No events

Internal exceptions (2 events):
Event: 0.035 Thread 0x000000000248e800 Exception <a 'java/lang/NoSuchMethodError': Method sun.misc.Unsafe.defineClass(Ljava/lang/String;[BII)Ljava/lang/Class; name or signature does not match> (0x000000076db87cc0) thrown at [C:\re\workspace\8-2-build-windows-amd64-cygwin\jdk8u101\7261\hotspot\s˜²â‰ç¡?
Event: 0.035 Thread 0x000000000248e800 Exception <a 'java/lang/NoSuchMethodError': Method sun.misc.Unsafe.prefetchRead(Ljava/lang/Object;J)V name or signature does not match> (0x000000076db87fa8) thrown at [C:\re\workspace\8-2-build-windows-amd64-cygwin\jdk8u101\7261\hotspot\src\share\vm\prims\

Events (10 events):
Event: 0.092 loading class java/util/concurrent/ConcurrentHashMap$ForwardingNode
Event: 0.094 loading class java/util/concurrent/ConcurrentHashMap$ForwardingNode done
Event: 0.094 loading class com/producer/consumer/unsafe/api/Producer
Event: 0.094 loading class com/producer/consumer/unsafe/api/Producer done
Event: 0.095 loading class com/producer/consumer/unsafe/api/Consumer
Event: 0.095 loading class com/producer/consumer/unsafe/api/Consumer done
Event: 0.095 Thread 0x000000001d568000 Thread added: 0x000000001d568000
Event: 0.095 Thread 0x000000001d569000 Thread added: 0x000000001d569000
Event: 0.096 Thread 0x000000000248e800 Thread exited: 0x000000000248e800
Event: 0.096 Thread 0x000000000248e800 Thread added: 0x000000000248e800


Dynamic libraries:
0x000000013fb30000 - 0x000000013fb67000 	C:\Program Files\Java\jdk1.8.0_101\bin\javaw.exe
0x0000000077720000 - 0x00000000778bf000 	C:\windows\SYSTEM32\ntdll.dll
0x0000000077600000 - 0x000000007771f000 	C:\windows\system32\kernel32.dll
0x000007fefd4c0000 - 0x000007fefd52a000 	C:\windows\system32\KERNELBASE.dll
0x0000000074fb0000 - 0x0000000075039000 	C:\windows\System32\SYSFER.DLL
0x000007fefde40000 - 0x000007fefdf1b000 	C:\windows\system32\ADVAPI32.dll
0x000007feff970000 - 0x000007feffa0f000 	C:\windows\system32\msvcrt.dll
0x000007fefdc00000 - 0x000007fefdc1f000 	C:\windows\SYSTEM32\sechost.dll
0x000007fefdd10000 - 0x000007fefde3d000 	C:\windows\system32\RPCRT4.dll
0x0000000077500000 - 0x00000000775fa000 	C:\windows\system32\USER32.dll
0x000007fefdc20000 - 0x000007fefdc87000 	C:\windows\system32\GDI32.dll
0x000007fefd880000 - 0x000007fefd88e000 	C:\windows\system32\LPK.dll
0x000007fefe0e0000 - 0x000007fefe1ab000 	C:\windows\system32\USP10.dll
0x000007fefb910000 - 0x000007fefbb04000 	C:\windows\WinSxS\amd64_microsoft.windows.common-controls_6595b64144ccf1df_6.0.7601.18837_none_fa3b1e3d17594757\COMCTL32.dll
0x000007fefdb80000 - 0x000007fefdbf1000 	C:\windows\system32\SHLWAPI.dll
0x000007fefe0b0000 - 0x000007fefe0de000 	C:\windows\system32\IMM32.DLL
0x000007fefda70000 - 0x000007fefdb79000 	C:\windows\system32\MSCTF.dll
0x0000000054f80000 - 0x0000000055052000 	C:\Program Files\Java\jdk1.8.0_101\jre\bin\msvcr100.dll
0x00000000546e0000 - 0x0000000054f7a000 	C:\Program Files\Java\jdk1.8.0_101\jre\bin\server\jvm.dll
0x000007fef1000000 - 0x000007fef1009000 	C:\windows\system32\WSOCK32.dll
0x000007feff3b0000 - 0x000007feff3fd000 	C:\windows\system32\WS2_32.dll
0x000007fefe610000 - 0x000007fefe618000 	C:\windows\system32\NSI.dll
0x000007fefae20000 - 0x000007fefae5b000 	C:\windows\system32\WINMM.dll
0x000007fefc390000 - 0x000007fefc39c000 	C:\windows\system32\VERSION.dll
0x00000000778d0000 - 0x00000000778d7000 	C:\windows\system32\PSAPI.DLL
0x00000000748a0000 - 0x00000000748af000 	C:\Program Files\Java\jdk1.8.0_101\jre\bin\verify.dll
0x0000000074870000 - 0x0000000074899000 	C:\Program Files\Java\jdk1.8.0_101\jre\bin\java.dll
0x0000000074850000 - 0x0000000074866000 	C:\Program Files\Java\jdk1.8.0_101\jre\bin\zip.dll
0x000007fefe620000 - 0x000007feff3aa000 	C:\windows\system32\SHELL32.dll
0x000007fefd680000 - 0x000007fefd87d000 	C:\windows\system32\ole32.dll
0x000007fefd2c0000 - 0x000007fefd2cf000 	C:\windows\system32\profapi.dll
0x000007feef1b0000 - 0x000007feef2d5000 	C:\windows\system32\dbghelp.dll

VM Arguments:
jvm_args: -Dfile.encoding=Cp1252 
java_command: com.producer.consumer.unsafe.api.ProducerConsumerDemo
java_class_path (initial): D:\WorkShop\WorkShop1\target\classes
Launcher Type: SUN_STANDARD

Environment Variables:
JAVA_HOME=C:\Program Files\Java\jdk1.8.0_101
PATH=C:/Program Files/Java/jre1.8.0_121/bin/server;C:/Program Files/Java/jre1.8.0_121/bin;C:/Program Files/Java/jre1.8.0_121/lib/amd64;C:\Program Files (x86)\Common Files\Oracle\Java\javapath;C:\oraclexe\app\oracle\product\11.2.0\server\bin;C:\Program Files\Java\jdk1.8.0_101\bin;D:\apache-maven-3.3.9\bin;C:\ProgramData\Oracle\Java\javapath;C:\windows\system32;C:\windows;C:\windows\System32\Wbem;C:\windows\System32\WindowsPowerShell\v1.0\;C:\Program Files\Intel\WiFi\bin\;C:\Program Files\Common Files\Intel\WirelessCommon\;C:\Program Files\PuTTY\;C:\windows\System32\WindowsPowerShell\v1.0\;C:\windows\System32\WindowsPowerShell\v1.0\;C:\Program Files\nodejs\;C:\Program Files\Git\cmd;C:\Users\oahemm\AppData\Roaming\npm;C:\Program Files\Microsoft VS Code\bin;D:\eclipse-jee-kepler-SR2-win32-x86_64\eclipse;
USERNAME=osiahemm
OS=Windows_NT
PROCESSOR_IDENTIFIER=Intel64 Family 6 Model 78 Stepping 3, GenuineIntel



---------------  S Y S T E M  ---------------

OS: Windows 7 , 64 bit Build 7601 (6.1.7601.24260)

CPU:total 4 (2 cores per cpu, 2 threads per core) family 6 model 78 stepping 3, cmov, cx8, fxsr, mmx, sse, sse2, sse3, ssse3, sse4.1, sse4.2, popcnt, avx, avx2, aes, clmul, erms, rtm, 3dnowpref, lzcnt, ht, tsc, tscinvbit, bmi1, bmi2, adx

Memory: 4k page, physical 16174904k(9164972k free), swap 32347908k(24130080k free)

vm_info: Java HotSpot(TM) 64-Bit Server VM (25.101-b13) for windows-amd64 JRE (1.8.0_101-b13), built on Jun 22 2016 01:21:29 by "java_re" with MS VC++ 10.0 (VS2010)

time: Mon Jan 14 13:03:20 2019
elapsed time: 2 seconds (0d 0h 0m 2s)

